<?xml version="1.0" encoding="UTF-8"?>
<!-- Generated by org.testng.reporters.JUnitXMLReporter -->
<testsuite ignored="1" hostname="DESKTOP-TTD9581" failures="1" tests="1" name="Default test(failed)" time="7.327" errors="0" timestamp="2025-03-04T15:26:54 IST">
  <testcase classname="tests.LoginTest" name="validTest1" time="0.134">
    <failure type="java.lang.IllegalArgumentException" message="Keys to send should be a not null CharSequence">
      <![CDATA[java.lang.IllegalArgumentException: Keys to send should be a not null CharSequence
at org.openqa.selenium.remote.RemoteWebElement.sendKeys(RemoteWebElement.java:96)
at pages.LoginPage.enterUserName(LoginPage.java:21)
at tests.LoginTest.validTest1(LoginTest.java:41)
at java.base/java.util.ArrayList.forEach(ArrayList.java:1511)
... Removed 27 stack frames]]>
    </failure>
  </testcase> <!-- validTest1 -->
  <testcase classname="tests.LoginTest" name="validTest" time="0.0">
    <ignored/>
  </testcase> <!-- validTest -->
</testsuite> <!-- Default test(failed) -->
